{
  "RSpec": {
    "coverage": {
      "/Users/takagiyuuri/workspace/runteq/mokumoku/spec/support/capybara.rb": {
        "lines": [
          null,
          null,
          1,
          1,
          24,
          null,
          null
        ]
      },
      "/Users/takagiyuuri/workspace/runteq/mokumoku/spec/support/login_macros.rb": {
        "lines": [
          null,
          null,
          1,
          1,
          18,
          18,
          18,
          18,
          null,
          null
        ]
      },
      "/Users/takagiyuuri/workspace/runteq/mokumoku/spec/system/online_events_spec.rb": {
        "lines": [
          null,
          null,
          1,
          null,
          1,
          5,
          4,
          null,
          1,
          1,
          1,
          4,
          null,
          null,
          1,
          1,
          1,
          1,
          1,
          1,
          0,
          0,
          0,
          null,
          0,
          0,
          0,
          0,
          0,
          0,
          null,
          0,
          0,
          0,
          0,
          0,
          null,
          null,
          1,
          1,
          1,
          1,
          1,
          1,
          0,
          0,
          0,
          null,
          0,
          null,
          null,
          1,
          1,
          1,
          1,
          1,
          1,
          0,
          0,
          0,
          null,
          0,
          null,
          null,
          1,
          1,
          1,
          1,
          1,
          1,
          0,
          0,
          0,
          null,
          0,
          null,
          null,
          null,
          1,
          1,
          3,
          null,
          null,
          1,
          1,
          1,
          1,
          1,
          1,
          1,
          0,
          0,
          null,
          0,
          0,
          null,
          0,
          0,
          0,
          0,
          0,
          null,
          null,
          1,
          1,
          1,
          0,
          0,
          null,
          0,
          null,
          null,
          1,
          1,
          1,
          0,
          0,
          null,
          0,
          null,
          null,
          null,
          null
        ]
      },
      "/Users/takagiyuuri/workspace/runteq/mokumoku/spec/system/sessions_spec.rb": {
        "lines": [
          null,
          null,
          1,
          null,
          1,
          2,
          null,
          1,
          1,
          1,
          1,
          1,
          1,
          null,
          1,
          null,
          null,
          1,
          1,
          1,
          1,
          1,
          null,
          1,
          1,
          null,
          null,
          null
        ]
      },
      "/Users/takagiyuuri/workspace/runteq/mokumoku/spec/system/users_spec.rb": {
        "lines": [
          null,
          null,
          1,
          null,
          1,
          1,
          1,
          1,
          1,
          1,
          1,
          1,
          1,
          1,
          null,
          1,
          1,
          1,
          1,
          null,
          1,
          null,
          null,
          null,
          1,
          1,
          1,
          1,
          1,
          1,
          1,
          1,
          null,
          1,
          null,
          null,
          1,
          1,
          1,
          1,
          1,
          1,
          1,
          null,
          1,
          null,
          null,
          1,
          1,
          1,
          1,
          1,
          1,
          1,
          null,
          1,
          null,
          null,
          null,
          null
        ]
      },
      "/Users/takagiyuuri/workspace/runteq/mokumoku/db/seeds.rb": {
        "lines": [
          null,
          null,
          1
        ]
      },
      "/Users/takagiyuuri/workspace/runteq/mokumoku/db/environment/test.rb": {
        "lines": [
          null,
          null,
          1,
          1
        ]
      },
      "/Users/takagiyuuri/workspace/runteq/mokumoku/db/seeds/prefectures.rb": {
        "lines": [
          null,
          null,
          1,
          1,
          1,
          1,
          1,
          1,
          1,
          1,
          1,
          1,
          1,
          1,
          1,
          1,
          1,
          1,
          1,
          1,
          1,
          1,
          1,
          1,
          1,
          1,
          1,
          1,
          1,
          1,
          1,
          1,
          1,
          1,
          1,
          1,
          1,
          1,
          1,
          1,
          1,
          1,
          1,
          1,
          1,
          1,
          1,
          1,
          1
        ]
      },
      "/Users/takagiyuuri/workspace/runteq/mokumoku/app/models/prefecture.rb": {
        "lines": [
          null,
          null,
          1,
          1,
          null
        ]
      },
      "/Users/takagiyuuri/workspace/runteq/mokumoku/app/models/application_record.rb": {
        "lines": [
          null,
          null,
          1,
          1,
          null
        ]
      },
      "/Users/takagiyuuri/workspace/runteq/mokumoku/db/seeds/notification_timings.rb": {
        "lines": [
          null,
          null,
          1,
          1,
          1,
          1
        ]
      },
      "/Users/takagiyuuri/workspace/runteq/mokumoku/app/models/notification_timing.rb": {
        "lines": [
          null,
          null,
          1,
          1,
          1,
          null,
          null,
          null,
          null,
          null,
          null
        ]
      },
      "/Users/takagiyuuri/workspace/runteq/mokumoku/app/models/user.rb": {
        "lines": [
          null,
          null,
          1,
          1,
          null,
          1,
          1,
          1,
          1,
          1,
          1,
          1,
          1,
          1,
          1,
          null,
          25,
          25,
          25,
          null,
          1,
          null,
          1,
          0,
          1,
          0,
          1,
          0,
          1,
          0,
          null,
          1,
          4,
          null,
          null,
          1,
          0,
          null,
          null,
          1,
          0,
          null,
          null,
          1,
          0,
          null,
          null,
          1,
          0,
          null,
          null,
          1,
          0,
          null,
          null,
          1,
          18,
          null,
          null,
          1,
          4,
          null,
          null,
          1,
          2,
          null,
          null,
          1,
          0,
          null,
          null,
          1,
          0,
          null,
          null,
          1,
          0,
          null,
          null
        ]
      },
      "/Users/takagiyuuri/workspace/runteq/mokumoku/app/controllers/sessions_controller.rb": {
        "lines": [
          null,
          null,
          1,
          1,
          null,
          1,
          21,
          21,
          20,
          null,
          1,
          1,
          null,
          null,
          null,
          1,
          0,
          0,
          null,
          null
        ]
      },
      "/Users/takagiyuuri/workspace/runteq/mokumoku/app/controllers/application_controller.rb": {
        "lines": [
          null,
          null,
          1,
          null
        ]
      },
      "/Users/takagiyuuri/workspace/runteq/mokumoku/app/models/event.rb": {
        "lines": [
          null,
          null,
          1,
          1,
          1,
          1,
          1,
          1,
          1,
          1,
          1,
          1,
          null,
          28,
          3,
          null,
          1,
          1,
          1,
          1,
          1,
          null,
          null,
          1,
          null,
          1,
          4,
          null,
          null,
          1,
          0,
          null,
          null
        ]
      },
      "/Users/takagiyuuri/workspace/runteq/mokumoku/app/models/concerns/notifiable.rb": {
        "lines": [
          null,
          null,
          1,
          1,
          null,
          1,
          3,
          null,
          null
        ]
      },
      "/Users/takagiyuuri/workspace/runteq/mokumoku/app/controllers/events_controller.rb": {
        "lines": [
          null,
          null,
          1,
          1,
          26,
          26,
          null,
          null,
          null,
          1,
          1,
          1,
          null,
          1,
          1,
          null,
          null,
          1,
          2,
          2,
          null,
          2,
          2,
          null,
          null,
          1,
          9,
          null,
          null,
          1,
          5,
          5,
          2,
          2,
          null,
          null,
          2,
          null,
          3,
          null,
          null,
          null,
          1,
          4,
          null,
          null,
          1,
          8,
          null,
          null,
          1,
          5,
          5,
          2,
          null,
          3,
          null,
          null,
          null,
          1,
          null,
          1,
          10,
          null,
          null
        ]
      },
      "/Users/takagiyuuri/workspace/runteq/mokumoku/app/models/notification.rb": {
        "lines": [
          null,
          null,
          1,
          1,
          1,
          1,
          1,
          null,
          1,
          null,
          1,
          null,
          null,
          null,
          null,
          null,
          null,
          58,
          null,
          1,
          2,
          null,
          null,
          null,
          null,
          null,
          null,
          null,
          null,
          null,
          1,
          0,
          null,
          null,
          null,
          null,
          null,
          null,
          null,
          null,
          null,
          1,
          0,
          null,
          null,
          null,
          null,
          null,
          null,
          null,
          null,
          null,
          1,
          0,
          null,
          null,
          null,
          null,
          null,
          null,
          null,
          null,
          null,
          null,
          1,
          0,
          null,
          null,
          0,
          null,
          0,
          null,
          0,
          null,
          0,
          null,
          0,
          null,
          null,
          null,
          null,
          null
        ]
      },
      "/Users/takagiyuuri/workspace/runteq/mokumoku/app/decorators/user_decorator.rb": {
        "lines": [
          null,
          null,
          1,
          1,
          null,
          1,
          138,
          null,
          null
        ]
      },
      "/Users/takagiyuuri/workspace/runteq/mokumoku/app/models/bookmark.rb": {
        "lines": [
          null,
          null,
          1,
          1,
          1,
          null,
          1,
          null
        ]
      },
      "/Users/takagiyuuri/workspace/runteq/mokumoku/app/decorators/event_decorator.rb": {
        "lines": [
          null,
          null,
          1,
          1,
          null,
          1,
          41,
          null,
          null
        ]
      },
      "/Users/takagiyuuri/workspace/runteq/mokumoku/app/models/notification_facade.rb": {
        "lines": [
          null,
          null,
          1,
          1,
          2,
          2,
          null,
          0,
          null,
          null,
          1,
          0,
          0,
          null,
          0,
          null,
          null,
          1,
          0,
          0,
          null,
          0,
          null,
          null,
          1,
          0,
          0,
          null,
          0,
          null,
          null
        ]
      },
      "/Users/takagiyuuri/workspace/runteq/mokumoku/app/models/user_notification_timing.rb": {
        "lines": [
          null,
          null,
          1,
          1,
          1,
          null,
          1,
          null
        ]
      },
      "/Users/takagiyuuri/workspace/runteq/mokumoku/app/models/event_attendance.rb": {
        "lines": [
          null,
          null,
          1,
          1,
          1,
          1,
          null,
          1,
          null
        ]
      },
      "/Users/takagiyuuri/workspace/runteq/mokumoku/app/models/comment.rb": {
        "lines": [
          null,
          null,
          1,
          1,
          1,
          1,
          null
        ]
      },
      "/Users/takagiyuuri/workspace/runteq/mokumoku/app/controllers/users_controller.rb": {
        "lines": [
          null,
          null,
          1,
          1,
          4,
          null,
          null,
          1,
          4,
          4,
          1,
          1,
          null,
          3,
          3,
          null,
          null,
          null,
          1,
          4,
          null,
          null
        ]
      }
    },
    "timestamp": 1666147029
  }
}
